<?xml version="1.0" encoding="UTF-8"?>
<!-- Generated by org.testng.reporters.JUnitXMLReporter -->
<testsuite ignored="0" hostname="vivobook-asuslaptop-x512flc-x512fl" failures="0" tests="4" name="Default test" time="85.348" errors="0" timestamp="2024-06-12T13:48:37 IST">
  <testcase classname="com.gayu.Gayathri.AutoRegistration" name="Login" time="27.342"/>
  <testcase classname="com.gayu.Gayathri.AutoRegistration" name="table" time="8.839"/>
  <testcase classname="com.gayu.Gayathri.AutoRegistration" name="contributor" time="38.91"/>
  <testcase classname="com.gayu.Gayathri.AutoRegistration" name="vlaidate" time="6.177"/>
</testsuite> <!-- Default test -->
