<?xml version="1.0" encoding="UTF-8"?>
<testng-results ignored="0" total="4" passed="4" failed="0" skipped="0">
  <reporter-output>
  </reporter-output>
  <suite started-at="2024-06-12T13:47:12 IST" name="Default suite" finished-at="2024-06-12T13:48:37 IST" duration-ms="85348">
    <groups>
    </groups>
    <test started-at="2024-06-12T13:47:12 IST" name="Default test" finished-at="2024-06-12T13:48:37 IST" duration-ms="85348">
      <class name="com.gayu.Gayathri.AutoRegistration">
        <test-method is-config="true" signature="setup()[pri:0, instance:com.gayu.Gayathri.AutoRegistration@55a147cc]" started-at="2024-06-12T13:47:12 IST" name="setup" finished-at="2024-06-12T13:47:16 IST" duration-ms="3835" status="PASS">
          <reporter-output>
          </reporter-output>
        </test-method> <!-- setup -->
        <test-method signature="Login()[pri:1, instance:com.gayu.Gayathri.AutoRegistration@55a147cc]" started-at="2024-06-12T13:47:16 IST" name="Login" finished-at="2024-06-12T13:47:43 IST" duration-ms="27342" status="PASS">
          <reporter-output>
          </reporter-output>
        </test-method> <!-- Login -->
        <test-method signature="table()[pri:2, instance:com.gayu.Gayathri.AutoRegistration@55a147cc]" started-at="2024-06-12T13:47:43 IST" name="table" finished-at="2024-06-12T13:47:52 IST" duration-ms="8839" status="PASS">
          <reporter-output>
          </reporter-output>
        </test-method> <!-- table -->
        <test-method signature="contributor()[pri:3, instance:com.gayu.Gayathri.AutoRegistration@55a147cc]" started-at="2024-06-12T13:47:52 IST" name="contributor" finished-at="2024-06-12T13:48:31 IST" duration-ms="38910" status="PASS">
          <reporter-output>
          </reporter-output>
        </test-method> <!-- contributor -->
        <test-method signature="vlaidate()[pri:4, instance:com.gayu.Gayathri.AutoRegistration@55a147cc]" started-at="2024-06-12T13:48:31 IST" name="vlaidate" finished-at="2024-06-12T13:48:37 IST" duration-ms="6177" status="PASS">
          <reporter-output>
          </reporter-output>
        </test-method> <!-- vlaidate -->
        <test-method is-config="true" signature="tearDown()[pri:0, instance:com.gayu.Gayathri.AutoRegistration@55a147cc]" started-at="2024-06-12T13:48:37 IST" name="tearDown" finished-at="2024-06-12T13:48:37 IST" duration-ms="134" status="PASS">
          <reporter-output>
          </reporter-output>
        </test-method> <!-- tearDown -->
      </class> <!-- com.gayu.Gayathri.AutoRegistration -->
    </test> <!-- Default test -->
  </suite> <!-- Default suite -->
</testng-results>
